1
 
 
 
 
                                                             
                 Copyright 2017 Siemens Product Lifecycle    
                        Management Software Inc.             
                         All Rights Reserved.                
                                                             
               This software and related documentation are   
                 proprietary to Siemens Product Lifecycle    
                        Management Software Inc.             
                                                             
              Siemens and the Siemens logo are registered    
             trademarks of Siemens AG. NX is a trademark or  
                registered trademark of Siemens Product      
               Lifecycle Management Software Inc. or its     
             subsidiaries in the United States and in other  
             countries.  NASTRAN is a registered trademark   
                 of the National Aeronautics and Space       
                 Administration.  All other trademarks,      
              registered trademarks or service marks belong  
                      to their respective holders.           
                                                             
           LIMITATIONS TO U.S. GOVERNMENT RIGHTS. UNPUBLISHED
           - RIGHTS RESERVED UNDER THE COPYRIGHT LAWS OF THE 
            UNITED STATES. This computer software and related
               computer software documentation have been     
            developed exclusively at private expense and are 
           provided subject to the following rights:  If this
               computer software and computer  software      
            documentation qualify as "commercial items" (as  
             that term is defined in FAR 2.101), their use,  
            duplication or disclosure by the U.S. Government 
           is subject to the protections and restrictions as 
            set forth in the Siemens commercial license for  
            software and/or documentation, as prescribed in  
           FAR 12.212 and FAR 27.405(b)(2)(i) (for civilian  
             agencies) and in DFARS 227.7202-1(a) and DFARS  
           227.7202-3(a) (for the Department of Defense), or 
           any successor or similar regulation, as applicable
           or as amended from time to time.  If this computer
           software and computer documentation do not qualify
            as "commercial items", then they are "restricted 
           computer software" and are provided with "restric-
            tive rights", and their use, duplication or dis- 
            closure by the U.S. Government is subject to the 
            protections and restrictions as set forth in FAR 
           27.404(b) and FAR 52-227-14 (for civilian agencies
           ), and DFARS 227.7203-5(c) and DFARS 252.227-7014 
           (for the Department of Defense), or any successor 
           or similar regulation, as applicable or as amended
              from time to time.  Siemens PLM Software Inc.  
            5800 Granite Parkway, Suite 600, Plano, TX 75024 

                * * * * * * * * * * * * * * * * * * * *
                * * * * * * * * * * * * * * * * * * * *
                * *                                 * *
                * *                                 * *
                * *                                 * *
                * *                                 * *
                * *       N X   N a s t r a n       * *
                * *                                 * *
                * *        VERSION -  12.0.2        * *
                * *                                 * *
                * *          MAY 23, 2018           * *
                * *                                 * *
                * *                                 * *
                * *Intel64 Family 6 Model 158 Stepp * *
                * *                                 * *
                * *MODEL Intel(R) Core(TM) i5-9600K * *
                * *                                 * *
                * *           Windows 10            * *
                * *                                 * *
                * *       Compiled for X86-64       * *
                * *                                 * *
                * * * * * * * * * * * * * * * * * * * *
                * * * * * * * * * * * * * * * * * * * *
1 
  
                        Welcome to NX Nastran
                        -------------------------
  
  
 This "news" information can be turned off by setting "news=no" in the runtime
 configuration (RC) file.  The "news" keyword can be set in the system RC file
 for global, or multi-user control, and in a local file for local control.
 Individual jobs can be controlled by setting news to yes or no on the command
 line.
1                                                                              JULY  28, 2022  NX NASTRAN  5/23/18   PAGE     1
                                                                                                                                    
0        N A S T R A N    F I L E    A N D    S Y S T E M    P A R A M E T E R    E C H O                                           
0                                                                                                                                   
                                                                                                                                    
                                                                                                                                    
     NASTRAN BUFFSIZE=32769 $(C:/PROGRAM FILES/SIEMENS/FEMAPV1200/NASTRAN/CONF/NAST12
     NASTRAN BUFFPOOL=17666                                                          
     NASTRAN DIAGA=128 DIAGB=0 $(C:/PROGRAM FILES/SIEMENS/FEMAPV1200/NASTRAN/CONF/NAS
     NASTRAN REAL=6432882688 $(MEMORY LIMIT FOR MPI AND OTHER SPECIALIZED MODULES)   
     INIT MASTER(S)                                                                  
     NASTRAN SYSTEM(442)=-1,SYSTEM(319)=1                                            
1                                                                              JULY  28, 2022  NX NASTRAN  5/23/18   PAGE     2
                                                                                                                                    
0        N A S T R A N    E X E C U T I V E    C O N T R O L    E C H O                                                             
0                                                                                                                                   
                                                                                                                                    
                                                                                                                                    
     ID FEMAP,FEMAP                                                                          
     SOL SESTATIC                                                                            
     CEND                                                                                    
1    TEST_ANALYSIS_SET                                                         JULY  28, 2022  NX NASTRAN  5/23/18   PAGE     3
                                                                                                                                    
0                                                                                                                                   
0                                        C A S E    C O N T R O L    E C H O                                                        
                 COMMAND                                                                                                            
                 COUNT                                                                                                              
                  1        TITLE = TEST_ANALYSIS_SET                                                             
                  2        ECHO = NONE                                                                           
                  3        DISPLACEMENT(PLOT) = ALL                                                              
                  4        SPCFORCE(PLOT) = ALL                                                                  
                  5        OLOAD(PLOT) = ALL                                                                     
                  6        FORCE(PLOT,CORNER) = ALL                                                              
                  7        STRESS(PLOT,CORNER) = ALL                                                             
                  8        SPC = 1                                                                               
                  9        LOAD = 1                                                                              
                 10      BEGIN BULK                                                                              
0                             INPUT BULK DATA ENTRY COUNT =         444
0                       TOTAL COUNT=       429


                                        M O D E L   S U M M A R Y

                                   NUMBER OF GRID     POINTS   =      177
 
 
                                   NUMBER OF CQUAD4   ELEMENTS =       58
                                   NUMBER OF CTRIA3   ELEMENTS =      164
 
1    TEST_ANALYSIS_SET                                                         JULY  28, 2022  NX NASTRAN  5/23/18   PAGE     4
                                                                                                                                    
0                                                                                                                                   
                           O U T P U T   F R O M   G R I D   P O I N T   W E I G H T   G E N E R A T O R
0                                                     REFERENCE POINT =        0
                                                                M O
                      *  1.604089E+01  0.000000E+00  0.000000E+00  0.000000E+00  0.000000E+00  1.219794E+02 *
                      *  0.000000E+00  1.604089E+01  0.000000E+00  0.000000E+00  0.000000E+00  3.121482E+02 *
                      *  0.000000E+00  0.000000E+00  1.604089E+01 -1.219794E+02 -3.121482E+02  0.000000E+00 *
                      *  0.000000E+00  0.000000E+00 -1.219794E+02  7.559544E+03  1.448482E+03  0.000000E+00 *
                      *  0.000000E+00  0.000000E+00 -3.121482E+02  1.448482E+03  4.270281E+04  0.000000E+00 *
                      *  1.219794E+02  3.121482E+02  0.000000E+00  0.000000E+00  0.000000E+00  5.026235E+04 *
                                                                 S
                                           *  1.000000E+00  0.000000E+00  0.000000E+00 *
                                           *  0.000000E+00  1.000000E+00  0.000000E+00 *
                                           *  0.000000E+00  0.000000E+00  1.000000E+00 *
                               DIRECTION
                          MASS AXIS SYSTEM (S)     MASS              X-C.G.        Y-C.G.        Z-C.G.
                                  X            1.604089E+01      0.000000E+00 -7.604276E+00  0.000000E+00
                                  Y            1.604089E+01      1.945953E+01  0.000000E+00  0.000000E+00
                                  Z            1.604089E+01      1.945953E+01 -7.604276E+00  0.000000E+00
                                                                I(S)
                                           *  6.631980E+03  9.251795E+02  0.000000E+00 *
                                           *  9.251795E+02  3.662855E+04  0.000000E+00 *
                                           *  0.000000E+00  0.000000E+00  4.326053E+04 *
                                                                I(Q)
                                           *  3.665706E+04                             *
                                           *                6.603471E+03               *
                                           *                              4.326053E+04 *
                                                                 Q
                                           *  3.079894E-02  9.995256E-01  0.000000E+00 *
                                           * -9.995256E-01  3.079894E-02  0.000000E+00 *
                                           *  0.000000E+00  0.000000E+00  1.000000E+00 *

1    TEST_ANALYSIS_SET                                                         JULY  28, 2022  NX NASTRAN  5/23/18   PAGE     5
                                                                                                                                    
0                                                                                                                                   
1    TEST_ANALYSIS_SET                                                         JULY  28, 2022  NX NASTRAN  5/23/18   PAGE     6
                                                                                                                                    
0                                                                                                                                   
0 RESULTANTS ABOUT ORIGIN OF SUPERELEMENT BASIC COORDINATE SYSTEM IN SUPERELEMENT BASIC SYSTEM COORDINATES.

0                                                  OLOAD    RESULTANT       
  SUBCASE/    LOAD
  DAREA ID    TYPE       T1            T2            T3            R1            R2            R3
0        1     FX   -2.000000E+03     ----          ----          ----       0.000000E+00 -5.759660E+04                             
               FY       ----       4.000000E+03     ----       0.000000E+00     ----       3.716652E+05                             
               FZ       ----          ----       0.000000E+00  0.000000E+00  0.000000E+00     ----                                  
               MX       ----          ----          ----       0.000000E+00     ----          ----                                  
               MY       ----          ----          ----          ----       0.000000E+00     ----                                  
               MZ       ----          ----          ----          ----          ----       0.000000E+00                             
             TOTALS -2.000000E+03  4.000000E+03  0.000000E+00  0.000000E+00  0.000000E+00  3.140686E+05                             
 *** USER INFORMATION MESSAGE - SINGULARITIES FOUND USING EIGENVALUE METHOD
 ***       0 SINGULARITIES FOUND         0 SINGULARITIES ELIMINATED
1    TEST_ANALYSIS_SET                                                         JULY  28, 2022  NX NASTRAN  5/23/18   PAGE     7
                                                                                                                                    
0                                                                                                                                   
 *** SYSTEM INFORMATION MESSAGE 6916 (DFMSYN)
     DECOMP ORDERING METHOD CHOSEN: DEFAULT, ORDERING METHOD USED: MMD
 *** USER INFORMATION MESSAGE 5293 (SSG3A)
    FOR DATA BLOCK KLL     
    LOAD SEQ. NO.             EPSILON              EXTERNAL WORK      EPSILONS LARGER THAN 0.001 ARE FLAGGED WITH ASTERISKS
    User information:
    One line of output is printed for each static loading condition.
    Small values of EPSILON are due to accumulated round-off error. Large
    values of EPSILON indicate possible singularities in the stiffness
    matrix.  See Section 9.5.1.
                1         -1.2379441E-13          8.0438099E+00
1    TEST_ANALYSIS_SET                                                         JULY  28, 2022  NX NASTRAN  5/23/18   PAGE     8
                                                                                                                                    
0                                                                                                                                   
0 RESULTANTS ABOUT ORIGIN OF SUPERELEMENT BASIC COORDINATE SYSTEM IN SUPERELEMENT BASIC SYSTEM COORDINATES.

0                                                  SPCFORCE RESULTANT       
  SUBCASE/    LOAD
  DAREA ID    TYPE       T1            T2            T3            R1            R2            R3
0        1     FX    2.000000E+03     ----          ----          ----       0.000000E+00 -5.490103E+05                             
               FY       ----      -4.000000E+03     ----       0.000000E+00     ----       2.349500E+05                             
               FZ       ----          ----       0.000000E+00  0.000000E+00  0.000000E+00     ----                                  
               MX       ----          ----          ----       0.000000E+00     ----          ----                                  
               MY       ----          ----          ----          ----       0.000000E+00     ----                                  
               MZ       ----          ----          ----          ----          ----      -8.265995E+00                             
             TOTALS  2.000000E+03 -4.000000E+03  0.000000E+00  0.000000E+00  0.000000E+00 -3.140686E+05                             
1    TEST_ANALYSIS_SET                                                         JULY  28, 2022  NX NASTRAN  5/23/18   PAGE     9
                                                                                                                                    
0                                                                                                                                   
1    TEST_ANALYSIS_SET                                                         JULY  28, 2022  NX NASTRAN  5/23/18   PAGE    10
                                                                                                                                    
0                                                                                                                                   
1    TEST_ANALYSIS_SET                                                         JULY  28, 2022  NX NASTRAN  5/23/18   PAGE    11
                                                                                                                                    
0                                                                                                                                   
1    TEST_ANALYSIS_SET                                                         JULY  28, 2022  NX NASTRAN  5/23/18   PAGE    12
                                                                                                                                    
0                                                                                                                                   
 * * * *  D B D I C T   P R I N T  * * * *      SUBDMAP = PRTSUM  ,  DMAP STATEMENT NO.     28



0                                   * * * *  A N A L Y S I S  S U M M A R Y  T A B L E  * * * *
0 SEID  PEID PROJ VERS APRCH      SEMG SEMR SEKR SELG SELR MODES DYNRED SOLLIN PVALID SOLNL LOOPID DESIGN CYCLE SENSITIVITY
 --------------------------------------------------------------------------------------------------------------------------
     0     0    1    1 '        '    T    T    T    T    T     F      F      T      0     F     -1            0           F
0SEID = SUPERELEMENT ID.
 PEID = PRIMARY SUPERELEMENT ID OF IMAGE SUPERELEMENT.
 PROJ = PROJECT ID NUMBER.
 VERS = VERSION ID.
 APRCH = BLANK FOR STRUCTURAL ANALYSIS.  HEAT FOR HEAT TRANSFER ANALYSIS.
 SEMG = STIFFNESS AND MASS MATRIX GENERATION STEP.
 SEMR = MASS MATRIX REDUCTION STEP (INCLUDES EIGENVALUE SOLUTION FOR MODES).
 SEKR = STIFFNESS MATRIX REDUCTION STEP.
 SELG = LOAD MATRIX GENERATION STEP.
 SELR = LOAD MATRIX REDUCTION STEP. 
 MODES = T (TRUE) IF NORMAL MODES OR BUCKLING MODES CALCULATED.
 DYNRED = T (TRUE) MEANS GENERALIZED DYNAMIC AND/OR COMPONENT MODE REDUCTION PERFORMED.
 SOLLIN = T (TRUE) IF LINEAR SOLUTION EXISTS IN DATABASE.
 PVALID = P-DISTRIBUTION ID OF P-VALUE FOR P-ELEMENTS
 LOOPID = THE LAST LOOPID VALUE USED IN THE NONLINEAR ANALYSIS.  USEFUL FOR RESTARTS.
 SOLNL = T (TRUE) IF NONLINEAR SOLUTION EXISTS IN DATABASE.
 DESIGN CYCLE = THE LAST DESIGN CYCLE (ONLY VALID IN OPTIMIZATION).
 SENSITIVITY = SENSITIVITY MATRIX GENERATION FLAG.
1                                        * * * END OF JOB * * *
 
 
